<?xml version="1.0" encoding="UTF-8"?>
<testsuite name="TestSuite" time="127.428" tests="14" errors="0" skipped="3" failures="0">
  <properties>
[...]
</properties>
  <testcase name="retrieveData" classname="com.MySqlConTest" time="2.908"/>
  <testcase name="testLog" classname="com.MySqlConTest" time="0.002"/>
  <testcase name="homePageTest" classname="com.HomepageTest" time="0"/>
  <testcase name="testLog" classname="com.HomepageTest" time="0.003"/>
  <testcase name="verifyContentInPDf" classname="com.PdfHandlingTest" time="16.499"/>
  <testcase name="testLog" classname="com.SignInTest" time="0"/>
  <testcase name="signInTest" classname="com.SignInTest" time="0">
    <skipped/>
    <system-out>signInTest Sheet name
</system-out>
  </testcase>
  <testcase name="signInTest" classname="com.SignInTest" time="34.717"/>
  <testcase name="testLog" classname="com.SignUpTest" time="0"/>
  <testcase name="signUpTest" classname="com.SignUpTest" time="33.665"/>
  <testcase name="signUpTest" classname="com.SignUpTest" time="0">
    <skipped/>
  </testcase>
  <testcase name="testLog" classname="com.SearchProductTest" time="0"/>
  <testcase name="searchProductTest" classname="com.SearchProductTest" time="39.634"/>
  <testcase name="searchProductTest" classname="com.SearchProductTest" time="0">
    <skipped/>
  </testcase>
</testsuite>