<?xml version="1.0" encoding="UTF-8"?>
<!-- Generated by org.testng.reporters.JUnitXMLReporter -->
<testsuite ignored="0" hostname="Dell" failures="0" tests="14" name="Test" time="184.411" errors="0" timestamp="2021-03-03T15:36:45 IST">
  <testcase classname="com.MySqlConTest" name="retrieveData" time="2.862"/>
  <testcase classname="base.Page" name="testLog" time="0.002"/>
  <testcase classname="com.HomepageTest" name="homePageTest" time="0.0"/>
  <testcase classname="base.Page" name="testLog" time="0.0"/>
  <testcase classname="com.PdfHandlingTest" name="verifyContentInPDf" time="16.502"/>
  <testcase classname="base.Page" name="testLog" time="0.0"/>
  <testcase classname="com.SignInTest" name="signInTest" time="0.0">
    <skipped/>
  </testcase> <!-- signInTest -->
  <testcase classname="com.SignInTest" name="signInTest" time="34.709"/>
  <testcase classname="base.Page" name="testLog" time="0.0"/>
  <testcase classname="com.SignUpTest" name="signUpTest" time="33.664"/>
  <testcase classname="com.SignUpTest" name="signUpTest" time="0.0">
    <skipped/>
  </testcase> <!-- signUpTest -->
  <testcase classname="base.Page" name="testLog" time="0.0"/>
  <testcase classname="com.SearchProductTest" name="searchProductTest" time="39.65"/>
  <testcase classname="com.SearchProductTest" name="searchProductTest" time="0.0">
    <skipped/>
  </testcase> <!-- searchProductTest -->
</testsuite> <!-- Test -->
